{"numTotalTestSuites":16,"numPassedTestSuites":16,"numFailedTestSuites":0,"numPendingTestSuites":0,"numTotalTests":70,"numPassedTests":70,"numFailedTests":0,"numPendingTests":0,"numTodoTests":0,"snapshot":{"added":0,"failure":false,"filesAdded":0,"filesRemoved":0,"filesRemovedList":[],"filesUnmatched":0,"filesUpdated":0,"matched":0,"total":0,"unchecked":0,"uncheckedKeysByFile":[],"unmatched":0,"updated":0,"didUpdate":false},"startTime":1721154237027,"success":true,"testResults":[{"assertionResults":[{"ancestorTitles":["check"],"fullName":"check startCheck","status":"passed","title":"startCheck","duration":3,"failureMessages":[],"meta":{}},{"ancestorTitles":["check"],"fullName":"check cancelCheck","status":"passed","title":"cancelCheck","duration":1,"failureMessages":[],"meta":{}},{"ancestorTitles":["check"],"fullName":"check finishCheck","status":"passed","title":"finishCheck","duration":1,"failureMessages":[],"meta":{}}],"startTime":1721154237387,"endTime":1721154237392,"status":"passed","message":"","name":"/home/kristof/__SOURCES/actions-rs-plus/core/src/tests/checks.test.ts"},{"assertionResults":[{"ancestorTitles":["input","getInput"],"fullName":"input getInput env.INPUT_FOO | getInput(\"foo\")","status":"passed","title":"env.INPUT_FOO | getInput(\"foo\")","duration":1,"failureMessages":[],"meta":{}},{"ancestorTitles":["input","getInput"],"fullName":"input getInput env.INPUT_FOO-BAR | getInput(\"foo-bar\")","status":"passed","title":"env.INPUT_FOO-BAR | getInput(\"foo-bar\")","duration":0,"failureMessages":[],"meta":{}},{"ancestorTitles":["input","getInput"],"fullName":"input getInput env.INPUT_FOO_BAR | getInput(\"foo-bar\")","status":"passed","title":"env.INPUT_FOO_BAR | getInput(\"foo-bar\")","duration":0,"failureMessages":[],"meta":{}},{"ancestorTitles":["input","getInputBool"],"fullName":"input getInputBool \"true\" == true","status":"passed","title":"\"true\" == true","duration":0,"failureMessages":[],"meta":{}},{"ancestorTitles":["input","getInputBool"],"fullName":"input getInputBool \"1\" == true","status":"passed","title":"\"1\" == true","duration":0,"failureMessages":[],"meta":{}},{"ancestorTitles":["input","getInputBool"],"fullName":"input getInputBool \"\" == false","status":"passed","title":"\"\" == false","duration":1,"failureMessages":[],"meta":{}},{"ancestorTitles":["input","getInputBool"],"fullName":"input getInputBool \"foobar\" == false","status":"passed","title":"\"foobar\" == false","duration":0,"failureMessages":[],"meta":{}},{"ancestorTitles":["input","getInputList"],"fullName":"input getInputList getInputList(\"\") == []","status":"passed","title":"getInputList(\"\") == []","duration":0,"failureMessages":[],"meta":{}},{"ancestorTitles":["input","getInputList"],"fullName":"input getInputList getInputList(\", ,, \") == []","status":"passed","title":"getInputList(\", ,, \") == []","duration":0,"failureMessages":[],"meta":{}},{"ancestorTitles":["input","getInputList"],"fullName":"input getInputList getInputList(\"one,two,three\") == [ 'one', 'two', 'three' ]","status":"passed","title":"getInputList(\"one,two,three\") == [ 'one', 'two', 'three' ]","duration":1,"failureMessages":[],"meta":{}},{"ancestorTitles":["input","getInputList"],"fullName":"input getInputList getInputList(\",one , two , three\") == [ 'one', 'two', 'three' ]","status":"passed","title":"getInputList(\",one , two , three\") == [ 'one', 'two', 'three' ]","duration":0,"failureMessages":[],"meta":{}},{"ancestorTitles":["input","getInputAsArray"],"fullName":"input getInputAsArray getInputAsArray(\"\") == []","status":"passed","title":"getInputAsArray(\"\") == []","duration":0,"failureMessages":[],"meta":{}},{"ancestorTitles":["input","getInputAsArray"],"fullName":"input getInputAsArray getInputAsArray(\"\n \n\n \") == []","status":"passed","title":"getInputAsArray(\"\n \n\n \") == []","duration":0,"failureMessages":[],"meta":{}},{"ancestorTitles":["input","getInputAsArray"],"fullName":"input getInputAsArray getInputAsArray(\"one\ntwo\nthree\") == [ 'one', 'two', 'three' ]","status":"passed","title":"getInputAsArray(\"one\ntwo\nthree\") == [ 'one', 'two', 'three' ]","duration":0,"failureMessages":[],"meta":{}},{"ancestorTitles":["input","getInputAsArray"],"fullName":"input getInputAsArray getInputAsArray(\"\none \n two \n three\") == [ 'one', 'two', 'three' ]","status":"passed","title":"getInputAsArray(\"\none \n two \n three\") == [ 'one', 'two', 'three' ]","duration":0,"failureMessages":[],"meta":{}}],"startTime":1721154237383,"endTime":1721154237386,"status":"passed","message":"","name":"/home/kristof/__SOURCES/actions-rs-plus/core/src/tests/input.test.ts"},{"assertionResults":[{"ancestorTitles":["cargo"],"fullName":"cargo Cargo","status":"passed","title":"Cargo","duration":1,"failureMessages":[],"meta":{}},{"ancestorTitles":["cargo"],"fullName":"cargo Cargo not found","status":"passed","title":"Cargo not found","duration":2,"failureMessages":[],"meta":{}},{"ancestorTitles":["cargo"],"fullName":"cargo Cargo findOrInstall","status":"passed","title":"Cargo findOrInstall","duration":0,"failureMessages":[],"meta":{}},{"ancestorTitles":["cargo"],"fullName":"cargo Cargo findOrInstall not found","status":"passed","title":"Cargo findOrInstall not found","duration":1,"failureMessages":[],"meta":{}},{"ancestorTitles":["cargo"],"fullName":"cargo Cargo findOrInstall not found with version","status":"passed","title":"Cargo findOrInstall not found with version","duration":0,"failureMessages":[],"meta":{}},{"ancestorTitles":["cargo"],"fullName":"cargo Cargo findOrInstall not found with explicit version latest","status":"passed","title":"Cargo findOrInstall not found with explicit version latest","duration":1,"failureMessages":[],"meta":{}},{"ancestorTitles":["cargo"],"fullName":"cargo Cargo findOrInstall not found","status":"passed","title":"Cargo findOrInstall not found","duration":0,"failureMessages":[],"meta":{}},{"ancestorTitles":["cargo"],"fullName":"cargo Cargo findOrInstall not found with explicit version latest","status":"passed","title":"Cargo findOrInstall not found with explicit version latest","duration":1,"failureMessages":[],"meta":{}},{"ancestorTitles":["cargo"],"fullName":"cargo Cargo findOrInstall with primary key","status":"passed","title":"Cargo findOrInstall with primary key","duration":0,"failureMessages":[],"meta":{}},{"ancestorTitles":["cargo"],"fullName":"cargo Cargo findOrInstall with primary key & restore keys","status":"passed","title":"Cargo findOrInstall with primary key & restore keys","duration":0,"failureMessages":[],"meta":{}},{"ancestorTitles":["cargo"],"fullName":"cargo Cargo findOrInstall with primary key, no cache key","status":"passed","title":"Cargo findOrInstall with primary key, no cache key","duration":1,"failureMessages":[],"meta":{}},{"ancestorTitles":["cargo"],"fullName":"cargo Cargo findOrInstall with primary key, cache save fails 1","status":"passed","title":"Cargo findOrInstall with primary key, cache save fails 1","duration":0,"failureMessages":[],"meta":{}},{"ancestorTitles":["cargo"],"fullName":"cargo Cargo findOrInstall with primary key, cache save fails 2","status":"passed","title":"Cargo findOrInstall with primary key, cache save fails 2","duration":3,"failureMessages":[],"meta":{}},{"ancestorTitles":["cargo"],"fullName":"cargo Cargo findOrInstall with primary key, cache save fails 3","status":"passed","title":"Cargo findOrInstall with primary key, cache save fails 3","duration":1,"failureMessages":[],"meta":{}},{"ancestorTitles":["cargo"],"fullName":"cargo Cargo findOrInstall with primary key, cache save fails 4","status":"passed","title":"Cargo findOrInstall with primary key, cache save fails 4","duration":0,"failureMessages":[],"meta":{}}],"startTime":1721154237494,"endTime":1721154237505,"status":"passed","message":"","name":"/home/kristof/__SOURCES/actions-rs-plus/core/src/tests/commands/cargo.test.ts"},{"assertionResults":[{"ancestorTitles":["resolveVersion"],"fullName":"resolveVersion resolves","status":"passed","title":"resolves","duration":2,"failureMessages":[],"meta":{}},{"ancestorTitles":["resolveVersion"],"fullName":"resolveVersion not found","status":"passed","title":"not found","duration":1,"failureMessages":[],"meta":{}},{"ancestorTitles":["resolveVersion"],"fullName":"resolveVersion fail 500","status":"passed","title":"fail 500","duration":0,"failureMessages":[],"meta":{}},{"ancestorTitles":["resolveVersion"],"fullName":"resolveVersion ok but still no crate version","status":"passed","title":"ok but still no crate version","duration":0,"failureMessages":[],"meta":{}}],"startTime":1721154237387,"endTime":1721154237390,"status":"passed","message":"","name":"/home/kristof/__SOURCES/actions-rs-plus/core/src/tests/commands/crates.test.ts"},{"assertionResults":[{"ancestorTitles":["cross"],"fullName":"cross Cross","status":"passed","title":"Cross","duration":2,"failureMessages":[],"meta":{}},{"ancestorTitles":["cross"],"fullName":"cross Cross not found","status":"passed","title":"Cross not found","duration":1,"failureMessages":[],"meta":{}},{"ancestorTitles":["cross"],"fullName":"cross Cross install","status":"passed","title":"Cross install","duration":2,"failureMessages":[],"meta":{}},{"ancestorTitles":["cross"],"fullName":"cross Cross getOrInstall","status":"passed","title":"Cross getOrInstall","duration":0,"failureMessages":[],"meta":{}},{"ancestorTitles":["cross"],"fullName":"cross Cross getOrInstall fail","status":"passed","title":"Cross getOrInstall fail","duration":0,"failureMessages":[],"meta":{}}],"startTime":1721154237493,"endTime":1721154237498,"status":"passed","message":"","name":"/home/kristof/__SOURCES/actions-rs-plus/core/src/tests/commands/cross.test.ts"},{"assertionResults":[{"ancestorTitles":["rustup"],"fullName":"rustup get","status":"passed","title":"get","duration":2,"failureMessages":[],"meta":{}},{"ancestorTitles":["rustup"],"fullName":"rustup getOrInstall install","status":"passed","title":"getOrInstall install","duration":1,"failureMessages":[],"meta":{}},{"ancestorTitles":["rustup"],"fullName":"rustup install unknown platform","status":"passed","title":"install unknown platform","duration":1,"failureMessages":[],"meta":{}},{"ancestorTitles":["rustup"],"fullName":"rustup install linux","status":"passed","title":"install linux","duration":1,"failureMessages":[],"meta":{}},{"ancestorTitles":["rustup"],"fullName":"rustup install darwin","status":"passed","title":"install darwin","duration":0,"failureMessages":[],"meta":{}},{"ancestorTitles":["rustup"],"fullName":"rustup install win32","status":"passed","title":"install win32","duration":0,"failureMessages":[],"meta":{}},{"ancestorTitles":["rustup"],"fullName":"rustup installToolchain","status":"passed","title":"installToolchain","duration":1,"failureMessages":[],"meta":{}},{"ancestorTitles":["rustup"],"fullName":"rustup installToolchain stable-x86_64-pc-windows-msvc","status":"passed","title":"installToolchain stable-x86_64-pc-windows-msvc","duration":0,"failureMessages":[],"meta":{}},{"ancestorTitles":["rustup"],"fullName":"rustup installToolchain components","status":"passed","title":"installToolchain components","duration":0,"failureMessages":[],"meta":{}},{"ancestorTitles":["rustup"],"fullName":"rustup installToolchain noSelfUpdate","status":"passed","title":"installToolchain noSelfUpdate","duration":0,"failureMessages":[],"meta":{}},{"ancestorTitles":["rustup"],"fullName":"rustup installToolchain allowDowngrade","status":"passed","title":"installToolchain allowDowngrade","duration":0,"failureMessages":[],"meta":{}},{"ancestorTitles":["rustup"],"fullName":"rustup installToolchain force","status":"passed","title":"installToolchain force","duration":1,"failureMessages":[],"meta":{}},{"ancestorTitles":["rustup"],"fullName":"rustup installToolchain default","status":"passed","title":"installToolchain default","duration":0,"failureMessages":[],"meta":{}},{"ancestorTitles":["rustup"],"fullName":"rustup installToolchain override","status":"passed","title":"installToolchain override","duration":0,"failureMessages":[],"meta":{}},{"ancestorTitles":["rustup"],"fullName":"rustup addTarget","status":"passed","title":"addTarget","duration":0,"failureMessages":[],"meta":{}},{"ancestorTitles":["rustup"],"fullName":"rustup addTarget forToolchain","status":"passed","title":"addTarget forToolchain","duration":1,"failureMessages":[],"meta":{}},{"ancestorTitles":["rustup"],"fullName":"rustup which","status":"passed","title":"which","duration":0,"failureMessages":[],"meta":{}},{"ancestorTitles":["rustup"],"fullName":"rustup which","status":"passed","title":"which","duration":0,"failureMessages":[],"meta":{}},{"ancestorTitles":["rustup"],"fullName":"rustup setProfile","status":"passed","title":"setProfile","duration":0,"failureMessages":[],"meta":{}},{"ancestorTitles":["rustup"],"fullName":"rustup selfUpdate","status":"passed","title":"selfUpdate","duration":1,"failureMessages":[],"meta":{}},{"ancestorTitles":["rustup"],"fullName":"rustup activeToolchain","status":"passed","title":"activeToolchain","duration":0,"failureMessages":[],"meta":{}},{"ancestorTitles":["rustup"],"fullName":"rustup activeToolchain none set","status":"passed","title":"activeToolchain none set","duration":0,"failureMessages":[],"meta":{}},{"ancestorTitles":["rustup"],"fullName":"rustup version","status":"passed","title":"version","duration":0,"failureMessages":[],"meta":{}},{"ancestorTitles":["rustup"],"fullName":"rustup version none set","status":"passed","title":"version none set","duration":1,"failureMessages":[],"meta":{}},{"ancestorTitles":["rustup"],"fullName":"rustup supportProfiles","status":"passed","title":"supportProfiles","duration":0,"failureMessages":[],"meta":{}},{"ancestorTitles":["rustup"],"fullName":"rustup supportProfiles fail","status":"passed","title":"supportProfiles fail","duration":0,"failureMessages":[],"meta":{}},{"ancestorTitles":["rustup"],"fullName":"rustup supportComponents","status":"passed","title":"supportComponents","duration":1,"failureMessages":[],"meta":{}},{"ancestorTitles":["rustup"],"fullName":"rustup supportComponents fail","status":"passed","title":"supportComponents fail","duration":0,"failureMessages":[],"meta":{}}],"startTime":1721154237495,"endTime":1721154237506,"status":"passed","message":"","name":"/home/kristof/__SOURCES/actions-rs-plus/core/src/tests/commands/rustup.test.ts"}]}